<?xml version="1.0" encoding="UTF-8"?>
<!-- Generated by org.testng.reporters.JUnitReportReporter -->
<testsuite hostname="DESKTOP-NNHGC20" failures="0" tests="1" name="com.inetBankingV1.testCases.TC_LoginTest_001" time="3.311" errors="0" timestamp="2021-12-25T15:27:26 IST" skipped="0">
  <testcase classname="com.inetBankingV1.testCases.TC_LoginTest_001" name="loginTest" time="3.311"/>
  <system-out/>
</testsuite> <!-- com.inetBankingV1.testCases.TC_LoginTest_001 -->
