<?xml version="1.0" encoding="UTF-8"?>
<!-- Generated by org.testng.reporters.JUnitReportReporter -->
<testsuite hostname="DESKTOP-NNHGC20" failures="0" tests="1" name="com.inetBankingV1.testCases.TC_AddCustomerTest_003" time="28.159" errors="0" timestamp="2022-01-01T14:51:24 IST" skipped="0">
  <testcase classname="com.inetBankingV1.testCases.TC_AddCustomerTest_003" name="addNewCustomer" time="28.159"/>
  <system-out/>
</testsuite> <!-- com.inetBankingV1.testCases.TC_AddCustomerTest_003 -->
